2013-08-01 14:44:31,325 - web2py.app.grid - DEBUG - {"firstRow":["hit ghjg","man","is","very","good","girl"]}
2013-08-01 14:50:23,122 - web2py.app.grid - DEBUG - {"firstRow":["to ","man","is","very","good","girl"],"seondRow":["hit ghj","man","is","very","good","girl"],"thirdRow":["hit ghj","man","is","very","good","girl"],"fourthRow":["hit ghj","man","is","very","good","girl"],"fifthRow":["hit ghj","man","is","very","good","girl"],"sixthRow":["hit ghj","man","is","very","good","girl"]}
2013-08-01 14:50:28,877 - web2py.app.grid - DEBUG - {"firstRow":["to ","be ","is","very","good","girl"],"seondRow":["hit ghj","man","is","very","good","girl"],"thirdRow":["hit ghj","man","is","very","good","girl"],"fourthRow":["hit ghj","man","is","very","good","girl"],"fifthRow":["hit ghj","man","is","very","good","girl"],"sixthRow":["hit ghj","man","is","very","good","girl"]}
2013-08-01 14:50:30,887 - web2py.app.grid - DEBUG - {"firstRow":["to ","be ","or ","very","good","girl"],"seondRow":["hit ghj","man","is","very","good","girl"],"thirdRow":["hit ghj","man","is","very","good","girl"],"fourthRow":["hit ghj","man","is","very","good","girl"],"fifthRow":["hit ghj","man","is","very","good","girl"],"sixthRow":["hit ghj","man","is","very","good","girl"]}
2013-08-01 14:50:34,599 - web2py.app.grid - DEBUG - {"firstRow":["to ","be ","or ","not ","good","girl"],"seondRow":["hit ghj","man","is","very","good","girl"],"thirdRow":["hit ghj","man","is","very","good","girl"],"fourthRow":["hit ghj","man","is","very","good","girl"],"fifthRow":["hit ghj","man","is","very","good","girl"],"sixthRow":["hit ghj","man","is","very","good","girl"]}
2013-08-01 14:50:36,601 - web2py.app.grid - DEBUG - {"firstRow":["to ","be ","or ","not ","to ","girl"],"seondRow":["hit ghj","man","is","very","good","girl"],"thirdRow":["hit ghj","man","is","very","good","girl"],"fourthRow":["hit ghj","man","is","very","good","girl"],"fifthRow":["hit ghj","man","is","very","good","girl"],"sixthRow":["hit ghj","man","is","very","good","girl"]}
2013-08-01 14:50:38,639 - web2py.app.grid - DEBUG - {"firstRow":["to ","be ","or ","not ","to ","be"],"seondRow":["hit ghj","man","is","very","good","girl"],"thirdRow":["hit ghj","man","is","very","good","girl"],"fourthRow":["hit ghj","man","is","very","good","girl"],"fifthRow":["hit ghj","man","is","very","good","girl"],"sixthRow":["hit ghj","man","is","very","good","girl"]}
2013-08-01 14:50:41,796 - web2py.app.grid - DEBUG - {"firstRow":["to ","be ","or ","not ","to ","be"],"seondRow":["that","man","is","very","good","girl"],"thirdRow":["hit ghj","man","is","very","good","girl"],"fourthRow":["hit ghj","man","is","very","good","girl"],"fifthRow":["hit ghj","man","is","very","good","girl"],"sixthRow":["hit ghj","man","is","very","good","girl"]}
2013-08-01 14:50:43,798 - web2py.app.grid - DEBUG - {"firstRow":["to ","be ","or ","not ","to ","be"],"seondRow":["that","is ","is","very","good","girl"],"thirdRow":["hit ghj","man","is","very","good","girl"],"fourthRow":["hit ghj","man","is","very","good","girl"],"fifthRow":["hit ghj","man","is","very","good","girl"],"sixthRow":["hit ghj","man","is","very","good","girl"]}
2013-08-01 14:50:45,801 - web2py.app.grid - DEBUG - {"firstRow":["to ","be ","or ","not ","to ","be"],"seondRow":["that","is ","the","very","good","girl"],"thirdRow":["hit ghj","man","is","very","good","girl"],"fourthRow":["hit ghj","man","is","very","good","girl"],"fifthRow":["hit ghj","man","is","very","good","girl"],"sixthRow":["hit ghj","man","is","very","good","girl"]}
2013-08-01 14:50:47,802 - web2py.app.grid - DEBUG - {"firstRow":["to ","be ","or ","not ","to ","be"],"seondRow":["that","is ","the","question","good","girl"],"thirdRow":["hit ghj","man","is","very","good","girl"],"fourthRow":["hit ghj","man","is","very","good","girl"],"fifthRow":["hit ghj","man","is","very","good","girl"],"sixthRow":["hit ghj","man","is","very","good","girl"]}
2013-08-01 14:50:50,278 - web2py.app.grid - DEBUG - {"firstRow":["to ","be ","or ","not ","to ","be"],"seondRow":["that","is ","the","question","shakespeer","girl"],"thirdRow":["hit ghj","man","is","very","good","girl"],"fourthRow":["hit ghj","man","is","very","good","girl"],"fifthRow":["hit ghj","man","is","very","good","girl"],"sixthRow":["hit ghj","man","is","very","good","girl"]}
2013-08-01 14:50:53,175 - web2py.app.grid - DEBUG - {"firstRow":["to ","be ","or ","not ","to ","be"],"seondRow":["that","is ","the","question","shakespeer","said"],"thirdRow":["hit ghj","man","is","very","good","girl"],"fourthRow":["hit ghj","man","is","very","good","girl"],"fifthRow":["hit ghj","man","is","very","good","girl"],"sixthRow":["hit ghj","man","is","very","good","girl"]}
2013-08-01 14:50:55,176 - web2py.app.grid - DEBUG - {"firstRow":["to ","be ","or ","not ","to ","be"],"seondRow":["that","is ","the","question","shakespeer","said"],"thirdRow":["that ","man","is","very","good","girl"],"fourthRow":["hit ghj","man","is","very","good","girl"],"fifthRow":["hit ghj","man","is","very","good","girl"],"sixthRow":["hit ghj","man","is","very","good","girl"]}
2013-08-01 14:50:57,182 - web2py.app.grid - DEBUG - {"firstRow":["to ","be ","or ","not ","to ","be"],"seondRow":["that","is ","the","question","shakespeer","said"],"thirdRow":["that ","hahaha","is","very","good","girl"],"fourthRow":["hit ghj","man","is","very","good","girl"],"fifthRow":["hit ghj","man","is","very","good","girl"],"sixthRow":["hit ghj","man","is","very","good","girl"]}
2013-08-01 14:50:59,195 - web2py.app.grid - DEBUG - {"firstRow":["to ","be ","or ","not ","to ","be"],"seondRow":["that","is ","the","question","shakespeer","said"],"thirdRow":["that ","hahaha","it","very","good","girl"],"fourthRow":["hit ghj","man","is","very","good","girl"],"fifthRow":["hit ghj","man","is","very","good","girl"],"sixthRow":["hit ghj","man","is","very","good","girl"]}
2013-08-01 14:51:00,156 - web2py.app.grid - DEBUG - {"firstRow":["to ","be ","or ","not ","to ","be"],"seondRow":["that","is ","the","question","shakespeer","said"],"thirdRow":["that ","hahaha","it","is ","good","girl"],"fourthRow":["hit ghj","man","is","very","good","girl"],"fifthRow":["hit ghj","man","is","very","good","girl"],"sixthRow":["hit ghj","man","is","very","good","girl"]}
2013-08-01 14:51:02,901 - web2py.app.grid - DEBUG - {"firstRow":["to ","be ","or ","not ","to ","be"],"seondRow":["that","is ","the","question","shakespeer","said"],"thirdRow":["that ","hahaha","it","is ","actulayy ","girl"],"fourthRow":["hit ghj","man","is","very","good","girl"],"fifthRow":["hit ghj","man","is","very","good","girl"],"sixthRow":["hit ghj","man","is","very","good","girl"]}
2013-08-01 14:51:04,902 - web2py.app.grid - DEBUG - {"firstRow":["to ","be ","or ","not ","to ","be"],"seondRow":["that","is ","the","question","shakespeer","said"],"thirdRow":["that ","hahaha","it","is ","actulayy ","very"],"fourthRow":["hit ghj","man","is","very","good","girl"],"fifthRow":["hit ghj","man","is","very","good","girl"],"sixthRow":["hit ghj","man","is","very","good","girl"]}
2013-08-01 14:51:06,905 - web2py.app.grid - DEBUG - {"firstRow":["to ","be ","or ","not ","to ","be"],"seondRow":["that","is ","the","question","shakespeer","said"],"thirdRow":["that ","hahaha","it","is ","actulayy ","very"],"fourthRow":["funny","man","is","very","good","girl"],"fifthRow":["hit ghj","man","is","very","good","girl"],"sixthRow":["hit ghj","man","is","very","good","girl"]}
2013-08-01 14:51:08,906 - web2py.app.grid - DEBUG - {"firstRow":["to ","be ","or ","not ","to ","be"],"seondRow":["that","is ","the","question","shakespeer","said"],"thirdRow":["that ","hahaha","it","is ","actulayy ","very"],"fourthRow":["funny","that","is","very","good","girl"],"fifthRow":["hit ghj","man","is","very","good","girl"],"sixthRow":["hit ghj","man","is","very","good","girl"]}
2013-08-01 14:51:10,908 - web2py.app.grid - DEBUG - {"firstRow":["to ","be ","or ","not ","to ","be"],"seondRow":["that","is ","the","question","shakespeer","said"],"thirdRow":["that ","hahaha","it","is ","actulayy ","very"],"fourthRow":["funny","that","im ","very","good","girl"],"fifthRow":["hit ghj","man","is","very","good","girl"],"sixthRow":["hit ghj","man","is","very","good","girl"]}
2013-08-01 14:51:12,911 - web2py.app.grid - DEBUG - {"firstRow":["to ","be ","or ","not ","to ","be"],"seondRow":["that","is ","the","question","shakespeer","said"],"thirdRow":["that ","hahaha","it","is ","actulayy ","very"],"fourthRow":["funny","that","im ","making","good","girl"],"fifthRow":["hit ghj","man","is","very","good","girl"],"sixthRow":["hit ghj","man","is","very","good","girl"]}
2013-08-01 14:51:13,780 - web2py.app.grid - DEBUG - {"firstRow":["to ","be ","or ","not ","to ","be"],"seondRow":["that","is ","the","question","shakespeer","said"],"thirdRow":["that ","hahaha","it","is ","actulayy ","very"],"fourthRow":["funny","that","im ","making","a","girl"],"fifthRow":["hit ghj","man","is","very","good","girl"],"sixthRow":["hit ghj","man","is","very","good","girl"]}
2013-08-01 14:51:15,149 - web2py.app.grid - DEBUG - {"firstRow":["to ","be ","or ","not ","to ","be"],"seondRow":["that","is ","the","question","shakespeer","said"],"thirdRow":["that ","hahaha","it","is ","actulayy ","very"],"fourthRow":["funny","that","im ","making","a","lot"],"fifthRow":["hit ghj","man","is","very","good","girl"],"sixthRow":["hit ghj","man","is","very","good","girl"]}
2013-08-01 14:51:17,249 - web2py.app.grid - DEBUG - {"firstRow":["to ","be ","or ","not ","to ","be"],"seondRow":["that","is ","the","question","shakespeer","said"],"thirdRow":["that ","hahaha","it","is ","actulayy ","very"],"fourthRow":["funny","that","im ","making","a","lot"],"fifthRow":["of","man","is","very","good","girl"],"sixthRow":["hit ghj","man","is","very","good","girl"]}
2013-08-01 14:51:19,246 - web2py.app.grid - DEBUG - {"firstRow":["to ","be ","or ","not ","to ","be"],"seondRow":["that","is ","the","question","shakespeer","said"],"thirdRow":["that ","hahaha","it","is ","actulayy ","very"],"fourthRow":["funny","that","im ","making","a","lot"],"fifthRow":["of","money ","is","very","good","girl"],"sixthRow":["hit ghj","man","is","very","good","girl"]}
2013-08-01 14:51:21,248 - web2py.app.grid - DEBUG - {"firstRow":["to ","be ","or ","not ","to ","be"],"seondRow":["that","is ","the","question","shakespeer","said"],"thirdRow":["that ","hahaha","it","is ","actulayy ","very"],"fourthRow":["funny","that","im ","making","a","lot"],"fifthRow":["of","money ","right","very","good","girl"],"sixthRow":["hit ghj","man","is","very","good","girl"]}
2013-08-01 14:51:22,093 - web2py.app.grid - DEBUG - {"firstRow":["to ","be ","or ","not ","to ","be"],"seondRow":["that","is ","the","question","shakespeer","said"],"thirdRow":["that ","hahaha","it","is ","actulayy ","very"],"fourthRow":["funny","that","im ","making","a","lot"],"fifthRow":["of","money ","right","now","good","girl"],"sixthRow":["hit ghj","man","is","very","good","girl"]}
2013-08-01 14:51:23,958 - web2py.app.grid - DEBUG - {"firstRow":["to ","be ","or ","not ","to ","be"],"seondRow":["that","is ","the","question","shakespeer","said"],"thirdRow":["that ","hahaha","it","is ","actulayy ","very"],"fourthRow":["funny","that","im ","making","a","lot"],"fifthRow":["of","money ","right","now","betam","girl"],"sixthRow":["hit ghj","man","is","very","good","girl"]}
2013-08-01 14:51:25,960 - web2py.app.grid - DEBUG - {"firstRow":["to ","be ","or ","not ","to ","be"],"seondRow":["that","is ","the","question","shakespeer","said"],"thirdRow":["that ","hahaha","it","is ","actulayy ","very"],"fourthRow":["funny","that","im ","making","a","lot"],"fifthRow":["of","money ","right","now","betam","yasikal"],"sixthRow":["hit ghj","man","is","very","good","girl"]}
2013-08-01 14:51:28,140 - web2py.app.grid - DEBUG - {"firstRow":["to ","be ","or ","not ","to ","be"],"seondRow":["that","is ","the","question","shakespeer","said"],"thirdRow":["that ","hahaha","it","is ","actulayy ","very"],"fourthRow":["funny","that","im ","making","a","lot"],"fifthRow":["of","money ","right","now","betam","yasikal"],"sixthRow":["amazin","man","is","very","good","girl"]}
2013-08-01 14:51:30,143 - web2py.app.grid - DEBUG - {"firstRow":["to ","be ","or ","not ","to ","be"],"seondRow":["that","is ","the","question","shakespeer","said"],"thirdRow":["that ","hahaha","it","is ","actulayy ","very"],"fourthRow":["funny","that","im ","making","a","lot"],"fifthRow":["of","money ","right","now","betam","yasikal"],"sixthRow":["amazin","job","is","very","good","girl"]}
2013-08-01 14:51:30,919 - web2py.app.grid - DEBUG - {"firstRow":["to ","be ","or ","not ","to ","be"],"seondRow":["that","is ","the","question","shakespeer","said"],"thirdRow":["that ","hahaha","it","is ","actulayy ","very"],"fourthRow":["funny","that","im ","making","a","lot"],"fifthRow":["of","money ","right","now","betam","yasikal"],"sixthRow":["amazin","job","you","very","good","girl"]}
2013-08-01 14:51:32,940 - web2py.app.grid - DEBUG - {"firstRow":["to ","be ","or ","not ","to ","be"],"seondRow":["that","is ","the","question","shakespeer","said"],"thirdRow":["that ","hahaha","it","is ","actulayy ","very"],"fourthRow":["funny","that","im ","making","a","lot"],"fifthRow":["of","money ","right","now","betam","yasikal"],"sixthRow":["amazin","job","you","did","good","girl"]}
2013-08-01 14:51:34,943 - web2py.app.grid - DEBUG - {"firstRow":["to ","be ","or ","not ","to ","be"],"seondRow":["that","is ","the","question","shakespeer","said"],"thirdRow":["that ","hahaha","it","is ","actulayy ","very"],"fourthRow":["funny","that","im ","making","a","lot"],"fifthRow":["of","money ","right","now","betam","yasikal"],"sixthRow":["amazin","job","you","did","right","girl"]}
2013-08-01 14:51:37,351 - web2py.app.grid - DEBUG - {"firstRow":["to ","be ","or ","not ","to ","be"],"seondRow":["that","is ","the","question","shakespeer","said"],"thirdRow":["that ","hahaha","it","is ","actulayy ","very"],"fourthRow":["funny","that","im ","making","a","lot"],"fifthRow":["of","money ","right","now","betam","yasikal"],"sixthRow":["amazin","job","you","did","right","there"]}
2013-08-01 14:56:38,553 - web2py.app.grid - DEBUG - {u'thirdRow': [u'hit ghj', u'man', u'is', u'very', u'good', u'girl'], u'fifthRow': [u'hit ghj', u'man', u'is', u'very', u'good', u'girl'], u'firstRow': [u'hit ghjj', u'man', u'is', u'very', u'good', u'girl'], u'seondRow': [u'hit ghj', u'man', u'is', u'very', u'good', u'girl'], u'sixthRow': [u'hit ghj', u'man', u'is', u'very', u'good', u'girl'], u'fourthRow': [u'hit ghj', u'man', u'is', u'very', u'good', u'girl']}
2013-08-01 14:56:40,554 - web2py.app.grid - DEBUG - {u'thirdRow': [u'hit ghj', u'man', u'is', u'very', u'good', u'girl'], u'fifthRow': [u'hit ghj', u'man', u'is', u'very', u'good', u'girl'], u'firstRow': [u'hit ghjj', u'manj', u'is', u'very', u'good', u'girl'], u'seondRow': [u'hit ghj', u'man', u'is', u'very', u'good', u'girl'], u'sixthRow': [u'hit ghj', u'man', u'is', u'very', u'good', u'girl'], u'fourthRow': [u'hit ghj', u'man', u'is', u'very', u'good', u'girl']}
2013-08-01 14:56:42,559 - web2py.app.grid - DEBUG - {u'thirdRow': [u'hit ghj', u'man', u'is', u'very', u'good', u'girl'], u'fifthRow': [u'hit ghj', u'man', u'is', u'very', u'good', u'girl'], u'firstRow': [u'hit ghjj', u'manj', u'isj', u'very', u'good', u'girl'], u'seondRow': [u'hit ghj', u'man', u'is', u'very', u'good', u'girl'], u'sixthRow': [u'hit ghj', u'man', u'is', u'very', u'good', u'girl'], u'fourthRow': [u'hit ghj', u'man', u'is', u'very', u'good', u'girl']}
2013-08-01 14:56:44,077 - web2py.app.grid - DEBUG - {u'thirdRow': [u'hit ghj', u'man', u'is', u'very', u'good', u'girl'], u'fifthRow': [u'hit ghj', u'man', u'is', u'very', u'good', u'girl'], u'firstRow': [u'hit ghjj', u'manj', u'isj', u'veryj', u'good', u'girl'], u'seondRow': [u'hit ghj', u'man', u'is', u'very', u'good', u'girl'], u'sixthRow': [u'hit ghj', u'man', u'is', u'very', u'good', u'girl'], u'fourthRow': [u'hit ghj', u'man', u'is', u'very', u'good', u'girl']}
2013-08-01 14:56:45,076 - web2py.app.grid - DEBUG - {u'thirdRow': [u'hit ghj', u'man', u'is', u'very', u'good', u'girl'], u'fifthRow': [u'hit ghj', u'man', u'is', u'very', u'good', u'girl'], u'firstRow': [u'hit ghjj', u'manj', u'isj', u'veryj', u'goodjj', u'girl'], u'seondRow': [u'hit ghj', u'man', u'is', u'very', u'good', u'girl'], u'sixthRow': [u'hit ghj', u'man', u'is', u'very', u'good', u'girl'], u'fourthRow': [u'hit ghj', u'man', u'is', u'very', u'good', u'girl']}
2013-08-01 14:56:47,918 - web2py.app.grid - DEBUG - {u'thirdRow': [u'hit ghj', u'man', u'is', u'very', u'good', u'girl'], u'fifthRow': [u'hit ghj', u'man', u'is', u'very', u'good', u'girl'], u'firstRow': [u'hit ghjj', u'manj', u'isj', u'veryj', u'goodjj', u'girlj'], u'seondRow': [u'hit ghj', u'man', u'is', u'very', u'good', u'girl'], u'sixthRow': [u'hit ghj', u'man', u'is', u'very', u'good', u'girl'], u'fourthRow': [u'hit ghj', u'man', u'is', u'very', u'good', u'girl']}
2013-08-01 14:57:24,386 - web2py.app.grid - DEBUG - {u'thirdRow': [u'hit ghj', u'man', u'is', u'very', u'good', u'girl'], u'fifthRow': [u'hit ghj', u'man', u'is', u'very', u'good', u'girl'], u'firstRow': [u'hit ghjj', u'man', u'is', u'very', u'good', u'girl'], u'seondRow': [u'hit ghj', u'man', u'is', u'very', u'good', u'girl'], u'sixthRow': [u'hit ghj', u'man', u'is', u'very', u'good', u'girl'], u'fourthRow': [u'hit ghj', u'man', u'is', u'very', u'good', u'girl']}
2013-08-01 14:57:24,390 - web2py.app.grid - DEBUG -  
2013-08-01 14:57:26,393 - web2py.app.grid - DEBUG - {u'thirdRow': [u'hit ghj', u'man', u'is', u'very', u'good', u'girl'], u'fifthRow': [u'hit ghj', u'man', u'is', u'very', u'good', u'girl'], u'firstRow': [u'hit ghjj', u'manj', u'is', u'very', u'good', u'girl'], u'seondRow': [u'hit ghj', u'man', u'is', u'very', u'good', u'girl'], u'sixthRow': [u'hit ghj', u'man', u'is', u'very', u'good', u'girl'], u'fourthRow': [u'hit ghj', u'man', u'is', u'very', u'good', u'girl']}
2013-08-01 14:57:26,396 - web2py.app.grid - DEBUG -  
2013-08-01 14:57:28,577 - web2py.app.grid - DEBUG - {u'thirdRow': [u'hit ghj', u'man', u'is', u'very', u'good', u'girl'], u'fifthRow': [u'hit ghj', u'man', u'is', u'very', u'good', u'girl'], u'firstRow': [u'hit ghjj', u'manj', u'isj', u'very', u'good', u'girl'], u'seondRow': [u'hit ghj', u'man', u'is', u'very', u'good', u'girl'], u'sixthRow': [u'hit ghj', u'man', u'is', u'very', u'good', u'girl'], u'fourthRow': [u'hit ghj', u'man', u'is', u'very', u'good', u'girl']}
2013-08-01 14:57:28,581 - web2py.app.grid - DEBUG -  
2013-08-01 14:57:30,577 - web2py.app.grid - DEBUG - {u'thirdRow': [u'hit ghj', u'man', u'is', u'very', u'good', u'girl'], u'fifthRow': [u'hit ghj', u'man', u'is', u'very', u'good', u'girl'], u'firstRow': [u'hit ghjj', u'manj', u'isj', u'veryj', u'good', u'girl'], u'seondRow': [u'hit ghj', u'man', u'is', u'very', u'good', u'girl'], u'sixthRow': [u'hit ghj', u'man', u'is', u'very', u'good', u'girl'], u'fourthRow': [u'hit ghj', u'man', u'is', u'very', u'good', u'girl']}
2013-08-01 14:57:30,581 - web2py.app.grid - DEBUG -  
2013-08-01 14:57:32,578 - web2py.app.grid - DEBUG - {u'thirdRow': [u'hit ghj', u'man', u'is', u'very', u'good', u'girl'], u'fifthRow': [u'hit ghj', u'man', u'is', u'very', u'good', u'girl'], u'firstRow': [u'hit ghjj', u'manj', u'isj', u'veryj', u'goodj', u'girl'], u'seondRow': [u'hit ghj', u'man', u'is', u'very', u'good', u'girl'], u'sixthRow': [u'hit ghj', u'man', u'is', u'very', u'good', u'girl'], u'fourthRow': [u'hit ghj', u'man', u'is', u'very', u'good', u'girl']}
2013-08-01 14:57:32,582 - web2py.app.grid - DEBUG -  
2013-08-01 14:57:35,781 - web2py.app.grid - DEBUG - {u'thirdRow': [u'hit ghj', u'man', u'is', u'very', u'good', u'girl'], u'fifthRow': [u'hit ghj', u'man', u'is', u'very', u'good', u'girl'], u'firstRow': [u'hit ghjj', u'manj', u'isj', u'veryj', u'goodj', u'girlj'], u'seondRow': [u'hit ghj', u'man', u'is', u'very', u'good', u'girl'], u'sixthRow': [u'hit ghj', u'man', u'is', u'very', u'good', u'girl'], u'fourthRow': [u'hit ghj', u'man', u'is', u'very', u'good', u'girl']}
2013-08-01 14:57:35,785 - web2py.app.grid - DEBUG -  
2013-08-01 14:58:06,206 - web2py.app.grid - DEBUG - {u'thirdRow': [u'hit ghj', u'man', u'is', u'very', u'good', u'girl'], u'fifthRow': [u'hit ghj', u'man', u'is', u'very', u'good', u'girl'], u'firstRow': [u'hit ghj', u'mand', u'is', u'very', u'good', u'girl'], u'seondRow': [u'hit ghj', u'man', u'is', u'very', u'good', u'girl'], u'sixthRow': [u'hit ghj', u'man', u'is', u'very', u'good', u'girl'], u'fourthRow': [u'hit ghj', u'man', u'is', u'very', u'good', u'girl']}
2013-08-01 14:58:06,210 - web2py.app.grid - DEBUG - 

2013-08-01 14:58:27,732 - web2py.app.grid - DEBUG - {u'thirdRow': [u'hit ghj', u'man', u'is', u'very', u'good', u'girl'], u'fifthRow': [u'hit ghj', u'man', u'is', u'very', u'good', u'girl'], u'firstRow': [u'hit ghj', u'mang', u'is', u'very', u'good', u'girl'], u'seondRow': [u'hit ghj', u'man', u'is', u'very', u'good', u'girl'], u'sixthRow': [u'hit ghj', u'man', u'is', u'very', u'good', u'girl'], u'fourthRow': [u'hit ghj', u'man', u'is', u'very', u'good', u'girl']}
2013-08-01 15:00:05,680 - web2py.app.grid - DEBUG - [u'hit ghjt', u'man', u'is', u'very', u'good', u'girl']
2013-08-01 15:11:31,979 - web2py.app.grid - DEBUG - [u'hit ghjt', u'man', u'is', u'very', u'good', u'girl']
2013-08-01 15:12:44,004 - web2py.app.grid - DEBUG - [u'h', u'man', u'is', u'very', u'good', u'girl']
2013-08-01 15:12:44,954 - web2py.app.grid - DEBUG - [u'h', u'h', u'is', u'very', u'good', u'girl']
2013-08-01 15:12:50,179 - web2py.app.grid - DEBUG - [u'h', u'h', u'i', u'very', u'good', u'girl']
2013-08-01 15:12:54,433 - web2py.app.grid - DEBUG - [u'h', u'h', u'i', u'very', u'good', u'girl']
2013-08-01 15:12:56,434 - web2py.app.grid - DEBUG - [u'h', u'h', u'i', u'very', u'good', u'girl']
2013-08-01 15:12:58,488 - web2py.app.grid - DEBUG - [u'h', u'h', u'i', u'very', u'good', u'girl']
2013-08-01 15:13:00,490 - web2py.app.grid - DEBUG - [u'h', u'h', u'i', u'very', u'good', u'girl']
2013-08-01 15:13:02,796 - web2py.app.grid - DEBUG - [u'h', u'h', u'i', u'very', u'good', u'girl']
2013-08-01 15:13:05,125 - web2py.app.grid - DEBUG - [u'h', u'h', u'i', u'very', u'good', u'girl']
2013-08-01 15:14:13,492 - web2py.app.grid - DEBUG - [u'h', u'h', u'i', u'very', u'good', u'girl']
2013-08-01 15:15:28,027 - web2py.app.grid - DEBUG - [u'h', u'ht', u'i', u'very', u'good', u'girl']
2013-08-01 15:16:02,409 - web2py.app.grid - DEBUG - [u'hit ghj', u'man', u'ist', u'very', u'good', u'girl']
2013-08-01 15:16:11,258 - web2py.app.grid - DEBUG - [u'hit ghjt', u'man', u'ist', u'very', u'good', u'girl']
2013-08-01 15:16:32,157 - web2py.app.grid - DEBUG - [u'hit ghjt', u'man', u'is', u'very', u'good', u'girl']
2013-08-01 15:17:09,252 - web2py.app.grid - DEBUG - [u'hit ghjt', u'man', u'is', u'very', u'good', u'girl']
2013-08-01 15:17:36,835 - web2py.app.grid - DEBUG - [u'hit ghjt', u'man', u'is', u'very', u'good', u'girl']
2013-08-01 15:18:23,309 - web2py.app.grid - DEBUG - [u'hit ghjt', u'man', u'is', u'very', u'good', u'girl']
2013-08-01 15:18:23,316 - web2py.app.grid - DEBUG - [u'hit ghj', u'man', u'is', u'very', u'good', u'girl']
2013-08-01 15:18:23,323 - web2py.app.grid - DEBUG - [u'hit ghj', u'man', u'is', u'very', u'good', u'girl']
2013-08-01 15:18:23,330 - web2py.app.grid - DEBUG - [u'hit ghj', u'man', u'is', u'very', u'good', u'girl']
2013-08-01 15:18:23,336 - web2py.app.grid - DEBUG - [u'hit ghj', u'man', u'is', u'very', u'good', u'girl']
2013-08-01 15:18:23,343 - web2py.app.grid - DEBUG - [u'hit ghj', u'man', u'is', u'very', u'good', u'girl']
2013-08-01 15:20:21,004 - web2py.app.grid - DEBUG - [u'hit ghjt', u'man', u'is', u'very', u'good', u'girl']
2013-08-01 15:20:21,010 - web2py.app.grid - DEBUG - [u'hit ghjtt', u'man', u'is', u'very', u'good', u'girl']
2013-08-01 15:20:21,017 - web2py.app.grid - DEBUG - [u'hit ghj', u'man', u'is', u'very', u'good', u'girl']
2013-08-01 15:20:21,024 - web2py.app.grid - DEBUG - [u'hit ghj', u'man', u'is', u'very', u'good', u'girl']
2013-08-01 15:20:21,030 - web2py.app.grid - DEBUG - [u'hit ghj', u'man', u'is', u'very', u'good', u'girl']
2013-08-01 15:20:21,037 - web2py.app.grid - DEBUG - [u'hit ghj', u'man', u'is', u'very', u'good', u'girl']
2013-08-01 15:20:22,494 - web2py.app.grid - DEBUG - [u'hit ghjt', u'man', u'is', u'very', u'good', u'girl']
2013-08-01 15:20:22,500 - web2py.app.grid - DEBUG - [u'hit ghjtt', u'man', u'is', u'very', u'good', u'girl']
2013-08-01 15:20:22,511 - web2py.app.grid - DEBUG - [u'hit ghjtt', u'man', u'is', u'very', u'good', u'girl']
2013-08-01 15:20:22,523 - web2py.app.grid - DEBUG - [u'hit ghj', u'man', u'is', u'very', u'good', u'girl']
2013-08-01 15:20:22,536 - web2py.app.grid - DEBUG - [u'hit ghj', u'man', u'is', u'very', u'good', u'girl']
2013-08-01 15:20:22,547 - web2py.app.grid - DEBUG - [u'hit ghj', u'man', u'is', u'very', u'good', u'girl']
2013-08-01 15:20:25,155 - web2py.app.grid - DEBUG - [u'hit ghjt', u'man', u'is', u'very', u'good', u'girl']
2013-08-01 15:20:25,162 - web2py.app.grid - DEBUG - [u'hit ghjtt', u'man', u'is', u'very', u'good', u'girl']
2013-08-01 15:20:25,169 - web2py.app.grid - DEBUG - [u'hit ghjtt', u'man', u'is', u'very', u'good', u'girl']
2013-08-01 15:20:25,175 - web2py.app.grid - DEBUG - [u'hit ghjttt', u'man', u'is', u'very', u'good', u'girl']
2013-08-01 15:20:25,182 - web2py.app.grid - DEBUG - [u'hit ghj', u'man', u'is', u'very', u'good', u'girl']
2013-08-01 15:20:25,189 - web2py.app.grid - DEBUG - [u'hit ghj', u'man', u'is', u'very', u'good', u'girl']
2013-08-01 15:20:27,154 - web2py.app.grid - DEBUG - [u'hit ghjt', u'man', u'is', u'very', u'good', u'girl']
2013-08-01 15:20:27,161 - web2py.app.grid - DEBUG - [u'hit ghjtt', u'man', u'is', u'very', u'good', u'girl']
2013-08-01 15:20:27,168 - web2py.app.grid - DEBUG - [u'hit ghjtt', u'man', u'is', u'very', u'good', u'girl']
2013-08-01 15:20:27,174 - web2py.app.grid - DEBUG - [u'hit ghjttt', u'man', u'is', u'very', u'good', u'girl']
2013-08-01 15:20:27,181 - web2py.app.grid - DEBUG - [u'hit ghjttttt', u'man', u'is', u'very', u'good', u'girl']
2013-08-01 15:20:27,187 - web2py.app.grid - DEBUG - [u'hit ghj', u'man', u'is', u'very', u'good', u'girl']
2013-08-01 15:20:30,011 - web2py.app.grid - DEBUG - [u'hit ghjt', u'man', u'is', u'very', u'good', u'girl']
2013-08-01 15:20:30,018 - web2py.app.grid - DEBUG - [u'hit ghjtt', u'man', u'is', u'very', u'good', u'girl']
2013-08-01 15:20:30,024 - web2py.app.grid - DEBUG - [u'hit ghjtt', u'man', u'is', u'very', u'good', u'girl']
2013-08-01 15:20:30,031 - web2py.app.grid - DEBUG - [u'hit ghjttt', u'man', u'is', u'very', u'good', u'girl']
2013-08-01 15:20:30,038 - web2py.app.grid - DEBUG - [u'hit ghjttttt', u'man', u'is', u'very', u'good', u'girl']
2013-08-01 15:20:30,045 - web2py.app.grid - DEBUG - [u'hit ghjtttttt', u'man', u'is', u'very', u'good', u'girl']
2013-08-01 15:21:22,184 - web2py.app.grid - DEBUG - [u'a', u'man', u'is', u'very', u'good', u'girl']
2013-08-01 15:21:22,191 - web2py.app.grid - DEBUG - [u'hit ghjtt', u'man', u'is', u'very', u'good', u'girl']
2013-08-01 15:21:22,198 - web2py.app.grid - DEBUG - [u'hit ghjtt', u'man', u'is', u'very', u'good', u'girl']
2013-08-01 15:21:22,205 - web2py.app.grid - DEBUG - [u'hit ghjttt', u'man', u'is', u'very', u'good', u'girl']
2013-08-01 15:21:22,212 - web2py.app.grid - DEBUG - [u'hit ghjttttt', u'man', u'is', u'very', u'good', u'girl']
2013-08-01 15:21:22,218 - web2py.app.grid - DEBUG - [u'hit ghjtttttt', u'man', u'is', u'very', u'good', u'girl']
2013-08-01 15:21:24,059 - web2py.app.grid - DEBUG - [u'a', u'man', u'is', u'very', u'good', u'girl']
2013-08-01 15:21:24,066 - web2py.app.grid - DEBUG - [u'b', u'man', u'is', u'very', u'good', u'girl']
2013-08-01 15:21:24,073 - web2py.app.grid - DEBUG - [u'hit ghjtt', u'man', u'is', u'very', u'good', u'girl']
2013-08-01 15:21:24,080 - web2py.app.grid - DEBUG - [u'hit ghjttt', u'man', u'is', u'very', u'good', u'girl']
2013-08-01 15:21:24,086 - web2py.app.grid - DEBUG - [u'hit ghjttttt', u'man', u'is', u'very', u'good', u'girl']
2013-08-01 15:21:24,093 - web2py.app.grid - DEBUG - [u'hit ghjtttttt', u'man', u'is', u'very', u'good', u'girl']
2013-08-01 15:21:26,061 - web2py.app.grid - DEBUG - [u'a', u'man', u'is', u'very', u'good', u'girl']
2013-08-01 15:21:26,067 - web2py.app.grid - DEBUG - [u'b', u'man', u'is', u'very', u'good', u'girl']
2013-08-01 15:21:26,075 - web2py.app.grid - DEBUG - [u'c', u'man', u'is', u'very', u'good', u'girl']
2013-08-01 15:21:26,081 - web2py.app.grid - DEBUG - [u'hit ghjttt', u'man', u'is', u'very', u'good', u'girl']
2013-08-01 15:21:26,088 - web2py.app.grid - DEBUG - [u'hit ghjttttt', u'man', u'is', u'very', u'good', u'girl']
2013-08-01 15:21:26,095 - web2py.app.grid - DEBUG - [u'hit ghjtttttt', u'man', u'is', u'very', u'good', u'girl']
2013-08-01 15:21:27,030 - web2py.app.grid - DEBUG - [u'a', u'man', u'is', u'very', u'good', u'girl']
2013-08-01 15:21:27,038 - web2py.app.grid - DEBUG - [u'b', u'man', u'is', u'very', u'good', u'girl']
2013-08-01 15:21:27,045 - web2py.app.grid - DEBUG - [u'c', u'man', u'is', u'very', u'good', u'girl']
2013-08-01 15:21:27,052 - web2py.app.grid - DEBUG - [u'd', u'man', u'is', u'very', u'good', u'girl']
2013-08-01 15:21:27,059 - web2py.app.grid - DEBUG - [u'hit ghjttttt', u'man', u'is', u'very', u'good', u'girl']
2013-08-01 15:21:27,067 - web2py.app.grid - DEBUG - [u'hit ghjtttttt', u'man', u'is', u'very', u'good', u'girl']
2013-08-01 15:21:28,185 - web2py.app.grid - DEBUG - [u'a', u'man', u'is', u'very', u'good', u'girl']
2013-08-01 15:21:28,192 - web2py.app.grid - DEBUG - [u'b', u'man', u'is', u'very', u'good', u'girl']
2013-08-01 15:21:28,211 - web2py.app.grid - DEBUG - [u'c', u'man', u'is', u'very', u'good', u'girl']
2013-08-01 15:21:28,226 - web2py.app.grid - DEBUG - [u'd', u'man', u'is', u'very', u'good', u'girl']
2013-08-01 15:21:28,238 - web2py.app.grid - DEBUG - [u'e', u'man', u'is', u'very', u'good', u'girl']
2013-08-01 15:21:28,245 - web2py.app.grid - DEBUG - [u'hit ghjtttttt', u'man', u'is', u'very', u'good', u'girl']
2013-08-01 15:21:30,063 - web2py.app.grid - DEBUG - [u'a', u'man', u'is', u'very', u'good', u'girl']
2013-08-01 15:21:30,070 - web2py.app.grid - DEBUG - [u'b', u'man', u'is', u'very', u'good', u'girl']
2013-08-01 15:21:30,077 - web2py.app.grid - DEBUG - [u'c', u'man', u'is', u'very', u'good', u'girl']
2013-08-01 15:21:30,084 - web2py.app.grid - DEBUG - [u'd', u'man', u'is', u'very', u'good', u'girl']
2013-08-01 15:21:30,091 - web2py.app.grid - DEBUG - [u'e', u'man', u'is', u'very', u'good', u'girl']
2013-08-01 15:21:30,098 - web2py.app.grid - DEBUG - [u'f', u'man', u'is', u'very', u'good', u'girl']
2013-08-01 15:22:02,263 - web2py.app.grid - DEBUG - [u'a', u'man', u'is', u'very', u'good', u'girl']
2013-08-01 15:22:02,270 - web2py.app.grid - DEBUG - [u'b', u'man', u'is', u'very', u'good', u'girl']
2013-08-01 15:22:02,278 - web2py.app.grid - DEBUG - [u'c', u'man', u'is', u'very', u'good', u'girl']
2013-08-01 15:22:02,285 - web2py.app.grid - DEBUG - [u'd', u'man', u'is', u'very', u'good', u'girl']
2013-08-01 15:22:02,293 - web2py.app.grid - DEBUG - [u'e', u'man', u'is', u'very', u'good', u'girl']
2013-08-01 15:22:02,300 - web2py.app.grid - DEBUG - [u'f', u't', u'is', u'very', u'good', u'girl']
2013-08-01 15:22:32,967 - web2py.app.grid - DEBUG - [u'hit ghjg', u'man', u'is', u'very', u'good', u'girl']
2013-08-01 15:22:32,974 - web2py.app.grid - DEBUG - [u'hit ghj', u'man', u'is', u'very', u'good', u'girl']
2013-08-01 15:22:32,981 - web2py.app.grid - DEBUG - [u'hit ghj', u'man', u'is', u'very', u'good', u'girl']
2013-08-01 15:22:32,989 - web2py.app.grid - DEBUG - [u'hit ghj', u'man', u'is', u'very', u'good', u'girl']
2013-08-01 15:22:32,996 - web2py.app.grid - DEBUG - [u'hit ghj', u'man', u'is', u'very', u'good', u'girl']
2013-08-01 15:22:33,003 - web2py.app.grid - DEBUG - [u'hit ghj', u'man', u'is', u'very', u'good', u'girl']
2013-08-01 15:23:05,909 - web2py.app.grid - DEBUG - [u'hit ghjt', u'man', u'is', u'very', u'good', u'girl']
2013-08-01 15:23:05,916 - web2py.app.grid - DEBUG - [u'hit ghj', u'man', u'is', u'very', u'good', u'girl']
2013-08-01 15:23:05,924 - web2py.app.grid - DEBUG - [u'hit ghj', u'man', u'is', u'very', u'good', u'girl']
2013-08-01 15:23:05,931 - web2py.app.grid - DEBUG - [u'hit ghj', u'man', u'is', u'very', u'good', u'girl']
2013-08-01 15:23:05,938 - web2py.app.grid - DEBUG - [u'hit ghj', u'man', u'is', u'very', u'good', u'girl']
2013-08-01 15:23:05,946 - web2py.app.grid - DEBUG - [u'hit ghj', u'man', u'is', u'very', u'good', u'girl']
2013-08-01 15:24:38,332 - web2py.app.grid - DEBUG - [u'a', u'man', u'is', u'very', u'good', u'girl']
2013-08-01 15:24:38,340 - web2py.app.grid - DEBUG - [u'hit ghj', u'man', u'is', u'very', u'good', u'girl']
2013-08-01 15:24:38,347 - web2py.app.grid - DEBUG - [u'hit ghj', u'man', u'is', u'very', u'good', u'girl']
2013-08-01 15:24:38,355 - web2py.app.grid - DEBUG - [u'hit ghj', u'man', u'is', u'very', u'good', u'girl']
2013-08-01 15:24:38,362 - web2py.app.grid - DEBUG - [u'hit ghj', u'man', u'is', u'very', u'good', u'girl']
2013-08-01 15:24:38,370 - web2py.app.grid - DEBUG - [u'hit ghj', u'man', u'is', u'very', u'good', u'girl']
2013-08-01 15:24:39,991 - web2py.app.grid - DEBUG - [u'a', u'man', u'is', u'very', u'good', u'girl']
2013-08-01 15:24:39,998 - web2py.app.grid - DEBUG - [u'b', u'man', u'is', u'very', u'good', u'girl']
2013-08-01 15:24:40,005 - web2py.app.grid - DEBUG - [u'hit ghj', u'man', u'is', u'very', u'good', u'girl']
2013-08-01 15:24:40,013 - web2py.app.grid - DEBUG - [u'hit ghj', u'man', u'is', u'very', u'good', u'girl']
2013-08-01 15:24:40,019 - web2py.app.grid - DEBUG - [u'hit ghj', u'man', u'is', u'very', u'good', u'girl']
2013-08-01 15:24:40,027 - web2py.app.grid - DEBUG - [u'hit ghj', u'man', u'is', u'very', u'good', u'girl']
2013-08-01 15:24:41,995 - web2py.app.grid - DEBUG - [u'a', u'man', u'is', u'very', u'good', u'girl']
2013-08-01 15:24:42,003 - web2py.app.grid - DEBUG - [u'b', u'man', u'is', u'very', u'good', u'girl']
2013-08-01 15:24:42,010 - web2py.app.grid - DEBUG - [u'c', u'man', u'is', u'very', u'good', u'girl']
2013-08-01 15:24:42,018 - web2py.app.grid - DEBUG - [u'hit ghj', u'man', u'is', u'very', u'good', u'girl']
2013-08-01 15:24:42,025 - web2py.app.grid - DEBUG - [u'hit ghj', u'man', u'is', u'very', u'good', u'girl']
2013-08-01 15:24:42,033 - web2py.app.grid - DEBUG - [u'hit ghj', u'man', u'is', u'very', u'good', u'girl']
2013-08-01 15:24:42,941 - web2py.app.grid - DEBUG - [u'a', u'man', u'is', u'very', u'good', u'girl']
2013-08-01 15:24:42,949 - web2py.app.grid - DEBUG - [u'b', u'man', u'is', u'very', u'good', u'girl']
2013-08-01 15:24:42,957 - web2py.app.grid - DEBUG - [u'c', u'man', u'is', u'very', u'good', u'girl']
2013-08-01 15:24:42,964 - web2py.app.grid - DEBUG - [u'd', u'man', u'is', u'very', u'good', u'girl']
2013-08-01 15:24:42,972 - web2py.app.grid - DEBUG - [u'hit ghj', u'man', u'is', u'very', u'good', u'girl']
2013-08-01 15:24:42,980 - web2py.app.grid - DEBUG - [u'hit ghj', u'man', u'is', u'very', u'good', u'girl']
2013-08-01 15:24:45,013 - web2py.app.grid - DEBUG - [u'a', u'man', u'is', u'very', u'good', u'girl']
2013-08-01 15:24:45,021 - web2py.app.grid - DEBUG - [u'b', u'man', u'is', u'very', u'good', u'girl']
2013-08-01 15:24:45,029 - web2py.app.grid - DEBUG - [u'c', u'man', u'is', u'very', u'good', u'girl']
2013-08-01 15:24:45,037 - web2py.app.grid - DEBUG - [u'd', u'man', u'is', u'very', u'good', u'girl']
2013-08-01 15:24:45,044 - web2py.app.grid - DEBUG - [u'e', u'man', u'is', u'very', u'good', u'girl']
2013-08-01 15:24:45,052 - web2py.app.grid - DEBUG - [u'hit ghj', u'man', u'is', u'very', u'good', u'girl']
2013-08-01 15:24:47,711 - web2py.app.grid - DEBUG - [u'a', u'man', u'is', u'very', u'good', u'girl']
2013-08-01 15:24:47,719 - web2py.app.grid - DEBUG - [u'b', u'man', u'is', u'very', u'good', u'girl']
2013-08-01 15:24:47,726 - web2py.app.grid - DEBUG - [u'c', u'man', u'is', u'very', u'good', u'girl']
2013-08-01 15:24:47,734 - web2py.app.grid - DEBUG - [u'd', u'man', u'is', u'very', u'good', u'girl']
2013-08-01 15:24:47,742 - web2py.app.grid - DEBUG - [u'e', u'man', u'is', u'very', u'good', u'girl']
2013-08-01 15:24:47,749 - web2py.app.grid - DEBUG - [u'f', u'man', u'is', u'very', u'good', u'girl']
2013-08-01 15:25:08,061 - web2py.app.grid - DEBUG - [u'a', u'g', u'is', u'very', u'good', u'girl']
2013-08-01 15:25:08,070 - web2py.app.grid - DEBUG - [u'b', u'man', u'is', u'very', u'good', u'girl']
2013-08-01 15:25:08,077 - web2py.app.grid - DEBUG - [u'c', u'man', u'is', u'very', u'good', u'girl']
2013-08-01 15:25:08,085 - web2py.app.grid - DEBUG - [u'd', u'man', u'is', u'very', u'good', u'girl']
2013-08-01 15:25:08,093 - web2py.app.grid - DEBUG - [u'e', u'man', u'is', u'very', u'good', u'girl']
2013-08-01 15:25:08,101 - web2py.app.grid - DEBUG - [u'f', u'man', u'is', u'very', u'good', u'girl']
2013-08-01 15:25:09,770 - web2py.app.grid - DEBUG - [u'a', u'g', u'is', u'very', u'good', u'girl']
2013-08-01 15:25:09,778 - web2py.app.grid - DEBUG - [u'b', u'h', u'is', u'very', u'good', u'girl']
2013-08-01 15:25:09,786 - web2py.app.grid - DEBUG - [u'c', u'man', u'is', u'very', u'good', u'girl']
2013-08-01 15:25:09,793 - web2py.app.grid - DEBUG - [u'd', u'man', u'is', u'very', u'good', u'girl']
2013-08-01 15:25:09,801 - web2py.app.grid - DEBUG - [u'e', u'man', u'is', u'very', u'good', u'girl']
2013-08-01 15:25:09,809 - web2py.app.grid - DEBUG - [u'f', u'man', u'is', u'very', u'good', u'girl']
2013-08-01 15:25:11,900 - web2py.app.grid - DEBUG - [u'a', u'g', u'is', u'very', u'good', u'girl']
2013-08-01 15:25:11,908 - web2py.app.grid - DEBUG - [u'b', u'h', u'is', u'very', u'good', u'girl']
2013-08-01 15:25:11,916 - web2py.app.grid - DEBUG - [u'c', u'i', u'is', u'very', u'good', u'girl']
2013-08-01 15:25:11,923 - web2py.app.grid - DEBUG - [u'd', u'man', u'is', u'very', u'good', u'girl']
2013-08-01 15:25:11,930 - web2py.app.grid - DEBUG - [u'e', u'man', u'is', u'very', u'good', u'girl']
2013-08-01 15:25:11,938 - web2py.app.grid - DEBUG - [u'f', u'man', u'is', u'very', u'good', u'girl']
2013-08-01 15:25:13,901 - web2py.app.grid - DEBUG - [u'a', u'g', u'is', u'very', u'good', u'girl']
2013-08-01 15:25:13,909 - web2py.app.grid - DEBUG - [u'b', u'h', u'is', u'very', u'good', u'girl']
2013-08-01 15:25:13,916 - web2py.app.grid - DEBUG - [u'c', u'i', u'is', u'very', u'good', u'girl']
2013-08-01 15:25:13,924 - web2py.app.grid - DEBUG - [u'd', u'j', u'is', u'very', u'good', u'girl']
2013-08-01 15:25:13,931 - web2py.app.grid - DEBUG - [u'e', u'man', u'is', u'very', u'good', u'girl']
2013-08-01 15:25:13,939 - web2py.app.grid - DEBUG - [u'f', u'man', u'is', u'very', u'good', u'girl']
2013-08-01 15:25:16,297 - web2py.app.grid - DEBUG - [u'a', u'g', u'is', u'very', u'good', u'girl']
2013-08-01 15:25:16,305 - web2py.app.grid - DEBUG - [u'b', u'h', u'is', u'very', u'good', u'girl']
2013-08-01 15:25:16,313 - web2py.app.grid - DEBUG - [u'c', u'i', u'is', u'very', u'good', u'girl']
2013-08-01 15:25:16,323 - web2py.app.grid - DEBUG - [u'd', u'j', u'is', u'very', u'good', u'girl']
2013-08-01 15:25:16,331 - web2py.app.grid - DEBUG - [u'e', u'k', u'is', u'very', u'good', u'girl']
2013-08-01 15:25:16,339 - web2py.app.grid - DEBUG - [u'f', u'man', u'is', u'very', u'good', u'girl']
2013-08-01 15:25:37,707 - web2py.app.grid - DEBUG - [u'a', u'g', u'is', u'very', u'good', u'girl']
2013-08-01 15:25:37,715 - web2py.app.grid - DEBUG - [u'b', u'h', u'is', u'very', u'good', u'girl']
2013-08-01 15:25:37,723 - web2py.app.grid - DEBUG - [u'c', u'i', u'is', u'very', u'good', u'girl']
2013-08-01 15:25:37,731 - web2py.app.grid - DEBUG - [u'd', u'j', u'is', u'very', u'good', u'girl']
2013-08-01 15:25:37,739 - web2py.app.grid - DEBUG - [u'e', u'k', u'is', u'very', u'good', u'girl']
2013-08-01 15:25:37,747 - web2py.app.grid - DEBUG - [u'f', u'l', u'is', u'very', u'good', u'girl']
2013-08-01 15:26:19,075 - web2py.app.grid - DEBUG - [u'a', u'man', u'is', u'very', u'good', u'girl']
2013-08-01 15:26:19,084 - web2py.app.grid - DEBUG - [u'hit ghj', u'man', u'is', u'very', u'good', u'girl']
2013-08-01 15:26:19,092 - web2py.app.grid - DEBUG - [u'hit ghj', u'man', u'is', u'very', u'good', u'girl']
2013-08-01 15:26:19,100 - web2py.app.grid - DEBUG - [u'hit ghj', u'man', u'is', u'very', u'good', u'girl']
2013-08-01 15:26:19,108 - web2py.app.grid - DEBUG - [u'hit ghj', u'man', u'is', u'very', u'good', u'girl']
2013-08-01 15:26:19,116 - web2py.app.grid - DEBUG - [u'hit ghj', u'man', u'is', u'very', u'good', u'girl']
2013-08-01 16:41:39,148 - web2py - ERROR - Traceback (most recent call last):
  File "/Users/user1/Desktop/web2py/gluon/restricted.py", line 212, in restricted
    exec ccode in environment
  File "/Users/user1/Desktop/web2py/applications/grid/models/db.py", line 47, in <module>
  File "/Users/user1/Desktop/web2py/gluon/tools.py", line 1609, in define_tables
  File "/Users/user1/Desktop/web2py/gluon/dal.py", line 7788, in define_table
  File "/Users/user1/Desktop/web2py/gluon/dal.py", line 7825, in lazy_define_table
  File "/Users/user1/Desktop/web2py/gluon/dal.py", line 979, in create_table
  File "/Users/user1/Desktop/web2py/gluon/dal.py", line 697, in file_open
  File "/Users/user1/Desktop/web2py/gluon/portalocker.py", line 118, in __init__
IOError: [Errno 24] Too many open files: '/Users/user1/Desktop/web2py/applications/grid/databases/c8b669d15150d7109e5f7ab36744a5b7_auth_user.table'

2013-08-01 16:42:07,810 - web2py - ERROR - Traceback (most recent call last):
  File "/Users/user1/Desktop/web2py/gluon/main.py", line 573, in wsgibase
    serve_controller(request, response, session)
  File "/Users/user1/Desktop/web2py/gluon/main.py", line 230, in serve_controller
    page = run_controller_in(request.controller, request.function, environment)
  File "/Users/user1/Desktop/web2py/gluon/compileapp.py", line 588, in run_controller_in
    code = read_file(filename)
  File "/Users/user1/Desktop/web2py/gluon/fileutils.py", line 77, in read_file
    f = open(filename, mode)
IOError: [Errno 24] Too many open files: '/Users/user1/Desktop/web2py/applications/grid/controllers/default.py'

